<?xml version="1.0" encoding="UTF-8"?>
<!-- Generated by org.testng.reporters.JUnitReportReporter -->
<testsuite skipped="0" hostname="acer-PC" name="qaclickacademy.SeleniumTest" tests="2" failures="0" timestamp="12 Dec 2019 11:13:14 GMT" time="0.010" errors="0">
  <testcase name="BrowswerAutomation" time="0.010" classname="qaclickacademy.SeleniumTest"/>
  <testcase name="elementUI" time="0.000" classname="qaclickacademy.SeleniumTest"/>
</testsuite> <!-- qaclickacademy.SeleniumTest -->
