<?xml version="1.0" encoding="UTF-8"?>
<!-- Generated by org.testng.reporters.JUnitReportReporter -->
<testsuite skipped="0" hostname="acer-PC" name="qaclickacademy.RestAPITest" tests="2" failures="0" timestamp="12 Dec 2019 11:07:52 GMT" time="0.000" errors="0">
  <testcase name="apiAutomation" time="0.000" classname="qaclickacademy.RestAPITest"/>
  <testcase name="elementAPI" time="0.000" classname="qaclickacademy.RestAPITest"/>
</testsuite> <!-- qaclickacademy.RestAPITest -->
